[09 Feb 13:58:49] ERROR: File `./server.php' was expired
[09 Feb 13:58:49] ERROR: File `./php54n/test.php' was expired
[09 Feb 13:58:49] ERROR: File `./php54n/game2.php' was expired
[09 Feb 13:58:49] ERROR: File `./php54n/game1.php' was expired
[09 Feb 13:58:49] ERROR: File `./php54n/game5.php' was expired
[09 Feb 13:58:49] ERROR: File `./php54n/game10.php' was expired
[09 Feb 13:58:49] ERROR: File `./php54n/game3.php' was expired
[09 Feb 13:58:49] ERROR: File `/www/wwwroot/xx.38ii.ronfor.com/auto/php54n/workerman/Autoloader.php' was expired
[09 Feb 13:58:49] ERROR: File `./php54n/game4.php' was expired
[09 Feb 13:58:49] ERROR: File `./php54n/game6.php' was expired
[09 Feb 13:58:49] ERROR: File `./php54n/game16.php' was expired
[09 Feb 13:58:49] ERROR: File `./php54n/game17.php' was expired
[09 Feb 13:58:49] ERROR: File `./php54n/game26.php' was expired
[09 Feb 13:58:49] ERROR: File `./php54n/game27.php' was expired
[09 Feb 13:59:25] ERROR: File `./server.php' was expired
[09 Feb 13:59:25] ERROR: File `./php54n/test.php' was expired
[09 Feb 13:59:25] ERROR: File `./php54n/game2.php' was expired
[09 Feb 13:59:25] ERROR: File `./php54n/game1.php' was expired
[09 Feb 13:59:25] ERROR: File `./php54n/game5.php' was expired
[09 Feb 13:59:25] ERROR: File `./php54n/game10.php' was expired
[09 Feb 13:59:25] ERROR: File `./php54n/game3.php' was expired
[09 Feb 13:59:25] ERROR: File `/www/wwwroot/xx.38ii.ronfor.com/auto/php54n/workerman/Autoloader.php' was expired
[09 Feb 13:59:25] ERROR: File `./php54n/game4.php' was expired
[09 Feb 13:59:25] ERROR: File `./php54n/game6.php' was expired
[09 Feb 13:59:25] ERROR: File `./php54n/game16.php' was expired
[09 Feb 13:59:25] ERROR: File `./php54n/game17.php' was expired
[09 Feb 13:59:25] ERROR: File `./php54n/game26.php' was expired
[09 Feb 13:59:25] ERROR: File `./php54n/game27.php' was expired
[09 Feb 14:07:02] ERROR: File `./server.php' was expired
[09 Feb 14:08:10] ERROR: File `./server.php' was expired
[09 Feb 14:43:14] ERROR: File `./server.php' was expired
[09 Feb 15:44:01] ERROR: File `./server.php' was expired
[09 Feb 19:47:40] ERROR: File `./server.php' was expired
[09 Feb 20:35:02] ERROR: File `./server.php' was expired
[09 Feb 21:19:47] ERROR: File `./php54n/mysql.class.php' was expired
[09 Feb 21:24:43] ERROR: File `./php54n/mysql.class.php' was expired
[09 Feb 21:26:43] ERROR: File `./php54n/mysql.class.php' was expired
[09 Feb 21:28:50] ERROR: File `mysql.class.php' was expired
[09 Feb 21:28:50] ERROR: File `./php54n/runtime2-game2.php' was expired
[09 Feb 21:28:50] ERROR: File `./php54n/runtime5-game1.php' was expired
[09 Feb 21:28:50] ERROR: File `./php54n/runtime6-game5.php' was expired
[09 Feb 21:28:50] ERROR: File `./php54n/runtime8-game10.php' was expired
[09 Feb 21:28:50] ERROR: File `./php54n/runtime9-game3.php' was expired
[09 Feb 21:28:50] ERROR: File `mysql.class.php' was expired
[09 Feb 21:28:50] ERROR: File `./php54n/runtime11-game4.php' was expired
[09 Feb 21:28:50] ERROR: File `./php54n/runtime14-game6.php' was expired
[09 Feb 21:28:50] ERROR: File `./php54n/runtime17-game16.php' was expired
[09 Feb 21:28:50] ERROR: File `./php54n/runtime18-game17.php' was expired
[09 Feb 21:28:50] ERROR: File `./php54n/runtime22-game26.php' was expired
[09 Feb 21:28:50] ERROR: File `./php54n/runtime23-game27.php' was expired
[09 Feb 21:31:17] ERROR: File `./php54n/mysql.class.php' was expired
